<?xml version="1.0" encoding="UTF-8"?>
<coverage generated="1597395646759" clover="3.2.0">
  <project timestamp="1597395646759" name="All files">
    <metrics statements="40" coveredstatements="39" conditionals="20" coveredconditionals="12" methods="5" coveredmethods="5" elements="65" coveredelements="56" complexity="0" loc="40" ncloc="40" packages="1" files="1" classes="1"/>
    <file name="xlsx.ts" path="/Users/bucai/ME/wwwroot/project/src/xlsx.ts">
      <metrics statements="40" coveredstatements="39" conditionals="20" coveredconditionals="12" methods="5" coveredmethods="5"/>
      <line num="1" count="1" type="stmt"/>
      <line num="2" count="1" type="stmt"/>
      <line num="29" count="1" type="stmt"/>
      <line num="30" count="4" type="cond" truecount="1" falsecount="1"/>
      <line num="31" count="4" type="stmt"/>
      <line num="32" count="4" type="cond" truecount="1" falsecount="1"/>
      <line num="33" count="4" type="cond" truecount="1" falsecount="1"/>
      <line num="35" count="4" type="cond" truecount="0" falsecount="2"/>
      <line num="36" count="4" type="stmt"/>
      <line num="38" count="4" type="stmt"/>
      <line num="40" count="4" type="stmt"/>
      <line num="41" count="4" type="stmt"/>
      <line num="43" count="4" type="stmt"/>
      <line num="45" count="40" type="stmt"/>
      <line num="47" count="40" type="cond" truecount="2" falsecount="0"/>
      <line num="48" count="20" type="stmt"/>
      <line num="49" count="20" type="stmt"/>
      <line num="50" count="20" type="stmt"/>
      <line num="52" count="20" type="stmt"/>
      <line num="57" count="4" type="cond" truecount="2" falsecount="0"/>
      <line num="58" count="2" type="stmt"/>
      <line num="60" count="2" type="stmt"/>
      <line num="61" count="20" type="stmt"/>
      <line num="66" count="4" type="cond" truecount="1" falsecount="1"/>
      <line num="67" count="0" type="cond" truecount="0" falsecount="2"/>
      <line num="69" count="4" type="cond" truecount="2" falsecount="0"/>
      <line num="72" count="4" type="stmt"/>
      <line num="83" count="1" type="stmt"/>
      <line num="84" count="5" type="stmt"/>
      <line num="85" count="5" type="stmt"/>
      <line num="86" count="5" type="stmt"/>
      <line num="87" count="41" type="stmt"/>
      <line num="88" count="27" type="cond" truecount="2" falsecount="0"/>
      <line num="89" count="15" type="stmt"/>
      <line num="91" count="27" type="stmt"/>
      <line num="94" count="5" type="stmt"/>
      <line num="98" count="5" type="stmt"/>
      <line num="99" count="5" type="stmt"/>
      <line num="100" count="5" type="stmt"/>
      <line num="101" count="5" type="stmt"/>
    </file>
  </project>
</coverage>
