{"/Users/bucai/ME/wwwroot/project/src/xlsx.ts": {"path":"/Users/bucai/ME/wwwroot/project/src/xlsx.ts","statementMap":{"0":{"start":{"line":1,"column":0},"end":{"line":1,"column":40}},"1":{"start":{"line":2,"column":0},"end":{"line":2,"column":35}},"2":{"start":{"line":30,"column":2},"end":{"line":30,"column":49}},"3":{"start":{"line":30,"column":16},"end":{"line":30,"column":49}},"4":{"start":{"line":31,"column":52},"end":{"line":31,"column":59}},"5":{"start":{"line":32,"column":2},"end":{"line":32,"column":58}},"6":{"start":{"line":32,"column":34},"end":{"line":32,"column":58}},"7":{"start":{"line":33,"column":2},"end":{"line":33,"column":62}},"8":{"start":{"line":33,"column":38},"end":{"line":33,"column":62}},"9":{"start":{"line":35,"column":2},"end":{"line":73,"column":null}},"10":{"start":{"line":36,"column":23},"end":{"line":36,"column":25}},"11":{"start":{"line":38,"column":22},"end":{"line":38,"column":24}},"12":{"start":{"line":40,"column":20},"end":{"line":40,"column":22}},"13":{"start":{"line":41,"column":18},"end":{"line":41,"column":22}},"14":{"start":{"line":43,"column":4},"end":{"line":55,"column":null}},"15":{"start":{"line":43,"column":17},"end":{"line":43,"column":22}},"16":{"start":{"line":45,"column":26},"end":{"line":45,"column":49}},"17":{"start":{"line":47,"column":6},"end":{"line":53,"column":null}},"18":{"start":{"line":48,"column":8},"end":{"line":48,"column":33}},"19":{"start":{"line":49,"column":8},"end":{"line":49,"column":37}},"20":{"start":{"line":50,"column":8},"end":{"line":50,"column":30}},"21":{"start":{"line":52,"column":8},"end":{"line":52,"column":38}},"22":{"start":{"line":57,"column":4},"end":{"line":64,"column":null}},"23":{"start":{"line":58,"column":19},"end":{"line":58,"column":49}},"24":{"start":{"line":60,"column":6},"end":{"line":62,"column":9}},"25":{"start":{"line":61,"column":8},"end":{"line":61,"column":40}},"26":{"start":{"line":66,"column":4},"end":{"line":70,"column":null}},"27":{"start":{"line":67,"column":6},"end":{"line":67,"column":null}},"28":{"start":{"line":69,"column":6},"end":{"line":69,"column":65}},"29":{"start":{"line":72,"column":4},"end":{"line":72,"column":19}},"30":{"start":{"line":29,"column":0},"end":{"line":29,"column":16}},"31":{"start":{"line":84,"column":18},"end":{"line":84,"column":26}},"32":{"start":{"line":85,"column":2},"end":{"line":85,"column":35}},"33":{"start":{"line":86,"column":2},"end":{"line":93,"column":5}},"34":{"start":{"line":87,"column":4},"end":{"line":92,"column":null}},"35":{"start":{"line":88,"column":6},"end":{"line":90,"column":null}},"36":{"start":{"line":89,"column":8},"end":{"line":89,"column":34}},"37":{"start":{"line":91,"column":6},"end":{"line":91,"column":21}},"38":{"start":{"line":94,"column":13},"end":{"line":96,"column":null}},"39":{"start":{"line":98,"column":11},"end":{"line":98,"column":27}},"40":{"start":{"line":99,"column":2},"end":{"line":99,"column":null}},"41":{"start":{"line":100,"column":2},"end":{"line":100,"column":28}},"42":{"start":{"line":101,"column":2},"end":{"line":101,"column":36}},"43":{"start":{"line":83,"column":0},"end":{"line":83,"column":16}}},"fnMap":{"0":{"name":"asyncExportXlsxFile","decl":{"start":{"line":29,"column":16},"end":{"line":29,"column":35}},"loc":{"start":{"line":29,"column":77},"end":{"line":74,"column":1}}},"1":{"name":"(anonymous_1)","decl":{"start":{"line":35,"column":9},"end":{"line":35,"column":14}},"loc":{"start":{"line":35,"column":54},"end":{"line":73,"column":3}}},"2":{"name":"(anonymous_2)","decl":{"start":{"line":60,"column":19},"end":{"line":60,"column":20}},"loc":{"start":{"line":60,"column":34},"end":{"line":62,"column":7}}},"3":{"name":"exportXlsx","decl":{"start":{"line":83,"column":16},"end":{"line":83,"column":26}},"loc":{"start":{"line":83,"column":83},"end":{"line":102,"column":1}}},"4":{"name":"(anonymous_4)","decl":{"start":{"line":86,"column":20},"end":{"line":86,"column":24}},"loc":{"start":{"line":86,"column":27},"end":{"line":93,"column":3}}}},"branchMap":{"0":{"loc":{"start":{"line":30,"column":2},"end":{"line":30,"column":49}},"type":"if","locations":[{"start":{"line":30,"column":2},"end":{"line":30,"column":49}},{"start":{"line":30,"column":2},"end":{"line":30,"column":49}}]},"1":{"loc":{"start":{"line":32,"column":2},"end":{"line":32,"column":58}},"type":"if","locations":[{"start":{"line":32,"column":2},"end":{"line":32,"column":58}},{"start":{"line":32,"column":2},"end":{"line":32,"column":58}}]},"2":{"loc":{"start":{"line":33,"column":2},"end":{"line":33,"column":62}},"type":"if","locations":[{"start":{"line":33,"column":2},"end":{"line":33,"column":62}},{"start":{"line":33,"column":2},"end":{"line":33,"column":62}}]},"3":{"loc":{"start":{"line":35,"column":32},"end":{"line":35,"column":33}},"type":"default-arg","locations":[{"start":{"line":35,"column":32},"end":{"line":35,"column":33}}]},"4":{"loc":{"start":{"line":35,"column":49},"end":{"line":35,"column":50}},"type":"default-arg","locations":[{"start":{"line":35,"column":49},"end":{"line":35,"column":50}}]},"5":{"loc":{"start":{"line":47,"column":6},"end":{"line":53,"column":null}},"type":"if","locations":[{"start":{"line":47,"column":6},"end":{"line":53,"column":null}},{"start":{"line":47,"column":6},"end":{"line":53,"column":null}}]},"6":{"loc":{"start":{"line":57,"column":4},"end":{"line":64,"column":null}},"type":"if","locations":[{"start":{"line":57,"column":4},"end":{"line":64,"column":null}},{"start":{"line":57,"column":4},"end":{"line":64,"column":null}}]},"7":{"loc":{"start":{"line":66,"column":4},"end":{"line":70,"column":null}},"type":"if","locations":[{"start":{"line":66,"column":4},"end":{"line":70,"column":null}},{"start":{"line":66,"column":4},"end":{"line":70,"column":null}}]},"8":{"loc":{"start":{"line":67,"column":32},"end":{"line":67,"column":40}},"type":"binary-expr","locations":[{"start":{"line":67,"column":32},"end":{"line":67,"column":40}},{"start":{"line":67,"column":44},"end":{"line":67,"column":53}}]},"9":{"loc":{"start":{"line":69,"column":42},"end":{"line":69,"column":50}},"type":"binary-expr","locations":[{"start":{"line":69,"column":42},"end":{"line":69,"column":50}},{"start":{"line":69,"column":54},"end":{"line":69,"column":63}}]},"10":{"loc":{"start":{"line":88,"column":6},"end":{"line":90,"column":null}},"type":"if","locations":[{"start":{"line":88,"column":6},"end":{"line":90,"column":null}},{"start":{"line":88,"column":6},"end":{"line":90,"column":null}}]}},"s":{"0":1,"1":1,"2":4,"3":0,"4":4,"5":4,"6":0,"7":4,"8":0,"9":4,"10":4,"11":4,"12":4,"13":4,"14":4,"15":4,"16":40,"17":40,"18":20,"19":20,"20":20,"21":20,"22":4,"23":2,"24":2,"25":20,"26":4,"27":0,"28":4,"29":4,"30":1,"31":5,"32":5,"33":5,"34":41,"35":27,"36":15,"37":27,"38":5,"39":5,"40":5,"41":5,"42":5,"43":1},"f":{"0":4,"1":4,"2":20,"3":5,"4":41},"b":{"0":[0,4],"1":[0,4],"2":[0,4],"3":[0],"4":[0],"5":[20,20],"6":[2,2],"7":[0,4],"8":[0,0],"9":[4,4],"10":[15,12]}}
}
