TN:
SF:src/xlsx.ts
FN:29,asyncExportXlsxFile
FN:35,(anonymous_1)
FN:60,(anonymous_2)
FN:83,exportXlsx
FN:86,(anonymous_4)
FNF:5
FNH:5
FNDA:4,asyncExportXlsxFile
FNDA:4,(anonymous_1)
FNDA:20,(anonymous_2)
FNDA:5,exportXlsx
FNDA:41,(anonymous_4)
DA:1,1
DA:2,1
DA:29,1
DA:30,4
DA:31,4
DA:32,4
DA:33,4
DA:35,4
DA:36,4
DA:38,4
DA:40,4
DA:41,4
DA:43,4
DA:45,40
DA:47,40
DA:48,20
DA:49,20
DA:50,20
DA:52,20
DA:57,4
DA:58,2
DA:60,2
DA:61,20
DA:66,4
DA:67,0
DA:69,4
DA:72,4
DA:83,1
DA:84,5
DA:85,5
DA:86,5
DA:87,41
DA:88,27
DA:89,15
DA:91,27
DA:94,5
DA:98,5
DA:99,5
DA:100,5
DA:101,5
LF:40
LH:39
BRDA:30,0,0,0
BRDA:30,0,1,4
BRDA:32,1,0,0
BRDA:32,1,1,4
BRDA:33,2,0,0
BRDA:33,2,1,4
BRDA:35,3,0,0
BRDA:35,4,0,0
BRDA:47,5,0,20
BRDA:47,5,1,20
BRDA:57,6,0,2
BRDA:57,6,1,2
BRDA:66,7,0,0
BRDA:66,7,1,4
BRDA:67,8,0,0
BRDA:67,8,1,0
BRDA:69,9,0,4
BRDA:69,9,1,4
BRDA:88,10,0,15
BRDA:88,10,1,12
BRF:20
BRH:12
end_of_record
